Traceback (most recent call last):
  File "C:\Users\DEVJiX\AppData\Local\Programs\Python\Python312\Lib\site-packages\sqlalchemy\engine\base.py", line 1969, in _exec_single_context
    self.dialect.do_execute(
  File "C:\Users\DEVJiX\AppData\Local\Programs\Python\Python312\Lib\site-packages\sqlalchemy\engine\default.py", line 952, in do_execute
    cursor.execute(statement, parameters)
sqlite3.IntegrityError: UNIQUE constraint failed: medicines.internal_product_code

The above exception was the direct cause of the following exception:

Traceback (most recent call last):
  File "C:\Users\DEVJiX\Desktop\New folder\backend\main.py", line 10, in dispatch
    return await call_next(request)
           ^^^^^^^^^^^^^^^^^^^^^^^^
  File "C:\Users\DEVJiX\AppData\Local\Programs\Python\Python312\Lib\site-packages\starlette\middleware\base.py", line 168, in call_next
    raise app_exc from app_exc.__cause__ or app_exc.__context__
  File "C:\Users\DEVJiX\AppData\Local\Programs\Python\Python312\Lib\site-packages\starlette\middleware\base.py", line 144, in coro
    await self.app(scope, receive_or_disconnect, send_no_error)
  File "C:\Users\DEVJiX\AppData\Local\Programs\Python\Python312\Lib\site-packages\starlette\middleware\exceptions.py", line 63, in __call__
    await wrap_app_handling_exceptions(self.app, conn)(scope, receive, send)
  File "C:\Users\DEVJiX\AppData\Local\Programs\Python\Python312\Lib\site-packages\starlette\_exception_handler.py", line 53, in wrapped_app
    raise exc
  File "C:\Users\DEVJiX\AppData\Local\Programs\Python\Python312\Lib\site-packages\starlette\_exception_handler.py", line 42, in wrapped_app
    await app(scope, receive, sender)
  File "C:\Users\DEVJiX\AppData\Local\Programs\Python\Python312\Lib\site-packages\fastapi\middleware\asyncexitstack.py", line 18, in __call__
    await self.app(scope, receive, send)
  File "C:\Users\DEVJiX\AppData\Local\Programs\Python\Python312\Lib\site-packages\starlette\routing.py", line 660, in __call__
    await self.middleware_stack(scope, receive, send)
  File "C:\Users\DEVJiX\AppData\Local\Programs\Python\Python312\Lib\site-packages\starlette\routing.py", line 680, in app
    await route.handle(scope, receive, send)
  File "C:\Users\DEVJiX\AppData\Local\Programs\Python\Python312\Lib\site-packages\fastapi\routing.py", line 1650, in handle
    await self.original_router.handle(scope, receive, send)
  File "C:\Users\DEVJiX\AppData\Local\Programs\Python\Python312\Lib\site-packages\fastapi\routing.py", line 2102, in handle
    await included_router._handle_selected(scope, receive, send)
  File "C:\Users\DEVJiX\AppData\Local\Programs\Python\Python312\Lib\site-packages\fastapi\routing.py", line 1661, in _handle_selected
    await route.handle(scope, receive, send)
  File "C:\Users\DEVJiX\AppData\Local\Programs\Python\Python312\Lib\site-packages\fastapi\routing.py", line 1650, in handle
    await self.original_router.handle(scope, receive, send)
  File "C:\Users\DEVJiX\AppData\Local\Programs\Python\Python312\Lib\site-packages\fastapi\routing.py", line 2102, in handle
    await included_router._handle_selected(scope, receive, send)
  File "C:\Users\DEVJiX\AppData\Local\Programs\Python\Python312\Lib\site-packages\fastapi\routing.py", line 1670, in _handle_selected
    await original_route.handle(scope, receive, send)
  File "C:\Users\DEVJiX\AppData\Local\Programs\Python\Python312\Lib\site-packages\fastapi\routing.py", line 1218, in handle
    await app(scope, receive, send)
  File "C:\Users\DEVJiX\AppData\Local\Programs\Python\Python312\Lib\site-packages\fastapi\routing.py", line 143, in app
    await wrap_app_handling_exceptions(app, request)(scope, receive, send)
  File "C:\Users\DEVJiX\AppData\Local\Programs\Python\Python312\Lib\site-packages\starlette\_exception_handler.py", line 53, in wrapped_app
    raise exc
  File "C:\Users\DEVJiX\AppData\Local\Programs\Python\Python312\Lib\site-packages\starlette\_exception_handler.py", line 42, in wrapped_app
    await app(scope, receive, sender)
  File "C:\Users\DEVJiX\AppData\Local\Programs\Python\Python312\Lib\site-packages\fastapi\routing.py", line 129, in app
    response = await f(request)
               ^^^^^^^^^^^^^^^^
  File "C:\Users\DEVJiX\AppData\Local\Programs\Python\Python312\Lib\site-packages\fastapi\routing.py", line 683, in app
    raw_response = await run_endpoint_function(
                   ^^^^^^^^^^^^^^^^^^^^^^^^^^^^
  File "C:\Users\DEVJiX\AppData\Local\Programs\Python\Python312\Lib\site-packages\fastapi\routing.py", line 339, in run_endpoint_function
    return await run_in_threadpool(dependant.call, **values)
           ^^^^^^^^^^^^^^^^^^^^^^^^^^^^^^^^^^^^^^^^^^^^^^^^^
  File "C:\Users\DEVJiX\AppData\Local\Programs\Python\Python312\Lib\site-packages\starlette\concurrency.py", line 34, in run_in_threadpool
    return await anyio.to_thread.run_sync(func)
           ^^^^^^^^^^^^^^^^^^^^^^^^^^^^^^^^^^^^
  File "C:\Users\DEVJiX\AppData\Local\Programs\Python\Python312\Lib\site-packages\anyio\to_thread.py", line 63, in run_sync
    return await get_async_backend().run_sync_in_worker_thread(
           ^^^^^^^^^^^^^^^^^^^^^^^^^^^^^^^^^^^^^^^^^^^^^^^^^^^^
  File "C:\Users\DEVJiX\AppData\Local\Programs\Python\Python312\Lib\site-packages\anyio\_backends\_asyncio.py", line 2592, in run_sync_in_worker_thread
    return await future
           ^^^^^^^^^^^^
  File "C:\Users\DEVJiX\AppData\Local\Programs\Python\Python312\Lib\site-packages\anyio\_backends\_asyncio.py", line 1029, in run
    result = context.run(func, *args)
             ^^^^^^^^^^^^^^^^^^^^^^^^
  File "C:\Users\DEVJiX\Desktop\New folder\backend\api\v1\endpoints\inventory.py", line 267, in update_medicine
    db.flush()
  File "C:\Users\DEVJiX\AppData\Local\Programs\Python\Python312\Lib\site-packages\sqlalchemy\orm\session.py", line 4353, in flush
    self._flush(objects)
  File "C:\Users\DEVJiX\AppData\Local\Programs\Python\Python312\Lib\site-packages\sqlalchemy\orm\session.py", line 4488, in _flush
    with util.safe_reraise():
         ^^^^^^^^^^^^^^^^^^^
  File "C:\Users\DEVJiX\AppData\Local\Programs\Python\Python312\Lib\site-packages\sqlalchemy\util\langhelpers.py", line 122, in __exit__
    raise exc_value.with_traceback(exc_tb)
  File "C:\Users\DEVJiX\AppData\Local\Programs\Python\Python312\Lib\site-packages\sqlalchemy\orm\session.py", line 4449, in _flush
    flush_context.execute()
  File "C:\Users\DEVJiX\AppData\Local\Programs\Python\Python312\Lib\site-packages\sqlalchemy\orm\unitofwork.py", line 465, in execute
    rec.execute(self)
  File "C:\Users\DEVJiX\AppData\Local\Programs\Python\Python312\Lib\site-packages\sqlalchemy\orm\unitofwork.py", line 641, in execute
    util.preloaded.orm_persistence.save_obj(
  File "C:\Users\DEVJiX\AppData\Local\Programs\Python\Python312\Lib\site-packages\sqlalchemy\orm\persistence.py", line 86, in save_obj
    _emit_update_statements(
  File "C:\Users\DEVJiX\AppData\Local\Programs\Python\Python312\Lib\site-packages\sqlalchemy\orm\persistence.py", line 913, in _emit_update_statements
    c = connection.execute(
        ^^^^^^^^^^^^^^^^^^^
  File "C:\Users\DEVJiX\AppData\Local\Programs\Python\Python312\Lib\site-packages\sqlalchemy\engine\base.py", line 1421, in execute
    return meth(
           ^^^^^
  File "C:\Users\DEVJiX\AppData\Local\Programs\Python\Python312\Lib\site-packages\sqlalchemy\sql\elements.py", line 526, in _execute_on_connection
    return connection._execute_clauseelement(
           ^^^^^^^^^^^^^^^^^^^^^^^^^^^^^^^^^^
  File "C:\Users\DEVJiX\AppData\Local\Programs\Python\Python312\Lib\site-packages\sqlalchemy\engine\base.py", line 1643, in _execute_clauseelement
    ret = self._execute_context(
          ^^^^^^^^^^^^^^^^^^^^^^
  File "C:\Users\DEVJiX\AppData\Local\Programs\Python\Python312\Lib\site-packages\sqlalchemy\engine\base.py", line 1848, in _execute_context
    return self._exec_single_context(
           ^^^^^^^^^^^^^^^^^^^^^^^^^^
  File "C:\Users\DEVJiX\AppData\Local\Programs\Python\Python312\Lib\site-packages\sqlalchemy\engine\base.py", line 1988, in _exec_single_context
    self._handle_dbapi_exception(
  File "C:\Users\DEVJiX\AppData\Local\Programs\Python\Python312\Lib\site-packages\sqlalchemy\engine\base.py", line 2365, in _handle_dbapi_exception
    raise sqlalchemy_exception.with_traceback(exc_info[2]) from e
  File "C:\Users\DEVJiX\AppData\Local\Programs\Python\Python312\Lib\site-packages\sqlalchemy\engine\base.py", line 1969, in _exec_single_context
    self.dialect.do_execute(
  File "C:\Users\DEVJiX\AppData\Local\Programs\Python\Python312\Lib\site-packages\sqlalchemy\engine\default.py", line 952, in do_execute
    cursor.execute(statement, parameters)
sqlalchemy.exc.IntegrityError: (sqlite3.IntegrityError) UNIQUE constraint failed: medicines.internal_product_code
[SQL: UPDATE medicines SET brand_name=?, country_of_origin=?, formula=?, strength=?, cost_per_base_unit=?, mrp=?, therapeutic_class=?, sku=?, trade_price=?, tax_type=?, hs_code=?, temp_condition=?, age_restriction=?, description=?, search_keywords=?, internal_product_code=?, qr_code=?, image_url=?, unit_retail_price=?, updated_at=?, sync_version=? WHERE medicines.id = ?]
[parameters: ('', '', '', '', 10000.0, 10000.0, '', '', 10000.0, '', '', '', 0, '', '', '', '', '', 1000.0, '2026-07-04 09:06:53.474517', '2026-07-04 09:06:53.474517', '7f6ba1e6-9434-4164-bf5f-0d4d60ade391')]
(Background on this error at: https://sqlalche.me/e/20/gkpj)

Traceback (most recent call last):
  File "C:\Users\DEVJiX\AppData\Local\Programs\Python\Python312\Lib\site-packages\sqlalchemy\engine\base.py", line 1969, in _exec_single_context
    self.dialect.do_execute(
  File "C:\Users\DEVJiX\AppData\Local\Programs\Python\Python312\Lib\site-packages\sqlalchemy\engine\default.py", line 952, in do_execute
    cursor.execute(statement, parameters)
sqlite3.IntegrityError: UNIQUE constraint failed: medicines.internal_product_code

The above exception was the direct cause of the following exception:

Traceback (most recent call last):
  File "C:\Users\DEVJiX\Desktop\New folder\backend\main.py", line 10, in dispatch
    return await call_next(request)
           ^^^^^^^^^^^^^^^^^^^^^^^^
  File "C:\Users\DEVJiX\AppData\Local\Programs\Python\Python312\Lib\site-packages\starlette\middleware\base.py", line 168, in call_next
    raise app_exc from app_exc.__cause__ or app_exc.__context__
  File "C:\Users\DEVJiX\AppData\Local\Programs\Python\Python312\Lib\site-packages\starlette\middleware\base.py", line 144, in coro
    await self.app(scope, receive_or_disconnect, send_no_error)
  File "C:\Users\DEVJiX\AppData\Local\Programs\Python\Python312\Lib\site-packages\starlette\middleware\exceptions.py", line 63, in __call__
    await wrap_app_handling_exceptions(self.app, conn)(scope, receive, send)
  File "C:\Users\DEVJiX\AppData\Local\Programs\Python\Python312\Lib\site-packages\starlette\_exception_handler.py", line 53, in wrapped_app
    raise exc
  File "C:\Users\DEVJiX\AppData\Local\Programs\Python\Python312\Lib\site-packages\starlette\_exception_handler.py", line 42, in wrapped_app
    await app(scope, receive, sender)
  File "C:\Users\DEVJiX\AppData\Local\Programs\Python\Python312\Lib\site-packages\fastapi\middleware\asyncexitstack.py", line 18, in __call__
    await self.app(scope, receive, send)
  File "C:\Users\DEVJiX\AppData\Local\Programs\Python\Python312\Lib\site-packages\starlette\routing.py", line 660, in __call__
    await self.middleware_stack(scope, receive, send)
  File "C:\Users\DEVJiX\AppData\Local\Programs\Python\Python312\Lib\site-packages\starlette\routing.py", line 680, in app
    await route.handle(scope, receive, send)
  File "C:\Users\DEVJiX\AppData\Local\Programs\Python\Python312\Lib\site-packages\fastapi\routing.py", line 1650, in handle
    await self.original_router.handle(scope, receive, send)
  File "C:\Users\DEVJiX\AppData\Local\Programs\Python\Python312\Lib\site-packages\fastapi\routing.py", line 2102, in handle
    await included_router._handle_selected(scope, receive, send)
  File "C:\Users\DEVJiX\AppData\Local\Programs\Python\Python312\Lib\site-packages\fastapi\routing.py", line 1661, in _handle_selected
    await route.handle(scope, receive, send)
  File "C:\Users\DEVJiX\AppData\Local\Programs\Python\Python312\Lib\site-packages\fastapi\routing.py", line 1650, in handle
    await self.original_router.handle(scope, receive, send)
  File "C:\Users\DEVJiX\AppData\Local\Programs\Python\Python312\Lib\site-packages\fastapi\routing.py", line 2102, in handle
    await included_router._handle_selected(scope, receive, send)
  File "C:\Users\DEVJiX\AppData\Local\Programs\Python\Python312\Lib\site-packages\fastapi\routing.py", line 1670, in _handle_selected
    await original_route.handle(scope, receive, send)
  File "C:\Users\DEVJiX\AppData\Local\Programs\Python\Python312\Lib\site-packages\fastapi\routing.py", line 1218, in handle
    await app(scope, receive, send)
  File "C:\Users\DEVJiX\AppData\Local\Programs\Python\Python312\Lib\site-packages\fastapi\routing.py", line 143, in app
    await wrap_app_handling_exceptions(app, request)(scope, receive, send)
  File "C:\Users\DEVJiX\AppData\Local\Programs\Python\Python312\Lib\site-packages\starlette\_exception_handler.py", line 53, in wrapped_app
    raise exc
  File "C:\Users\DEVJiX\AppData\Local\Programs\Python\Python312\Lib\site-packages\starlette\_exception_handler.py", line 42, in wrapped_app
    await app(scope, receive, sender)
  File "C:\Users\DEVJiX\AppData\Local\Programs\Python\Python312\Lib\site-packages\fastapi\routing.py", line 129, in app
    response = await f(request)
               ^^^^^^^^^^^^^^^^
  File "C:\Users\DEVJiX\AppData\Local\Programs\Python\Python312\Lib\site-packages\fastapi\routing.py", line 683, in app
    raw_response = await run_endpoint_function(
                   ^^^^^^^^^^^^^^^^^^^^^^^^^^^^
  File "C:\Users\DEVJiX\AppData\Local\Programs\Python\Python312\Lib\site-packages\fastapi\routing.py", line 339, in run_endpoint_function
    return await run_in_threadpool(dependant.call, **values)
           ^^^^^^^^^^^^^^^^^^^^^^^^^^^^^^^^^^^^^^^^^^^^^^^^^
  File "C:\Users\DEVJiX\AppData\Local\Programs\Python\Python312\Lib\site-packages\starlette\concurrency.py", line 34, in run_in_threadpool
    return await anyio.to_thread.run_sync(func)
           ^^^^^^^^^^^^^^^^^^^^^^^^^^^^^^^^^^^^
  File "C:\Users\DEVJiX\AppData\Local\Programs\Python\Python312\Lib\site-packages\anyio\to_thread.py", line 63, in run_sync
    return await get_async_backend().run_sync_in_worker_thread(
           ^^^^^^^^^^^^^^^^^^^^^^^^^^^^^^^^^^^^^^^^^^^^^^^^^^^^
  File "C:\Users\DEVJiX\AppData\Local\Programs\Python\Python312\Lib\site-packages\anyio\_backends\_asyncio.py", line 2592, in run_sync_in_worker_thread
    return await future
           ^^^^^^^^^^^^
  File "C:\Users\DEVJiX\AppData\Local\Programs\Python\Python312\Lib\site-packages\anyio\_backends\_asyncio.py", line 1029, in run
    result = context.run(func, *args)
             ^^^^^^^^^^^^^^^^^^^^^^^^
  File "C:\Users\DEVJiX\Desktop\New folder\backend\api\v1\endpoints\inventory.py", line 267, in update_medicine
    db.flush()
  File "C:\Users\DEVJiX\AppData\Local\Programs\Python\Python312\Lib\site-packages\sqlalchemy\orm\session.py", line 4353, in flush
    self._flush(objects)
  File "C:\Users\DEVJiX\AppData\Local\Programs\Python\Python312\Lib\site-packages\sqlalchemy\orm\session.py", line 4488, in _flush
    with util.safe_reraise():
         ^^^^^^^^^^^^^^^^^^^
  File "C:\Users\DEVJiX\AppData\Local\Programs\Python\Python312\Lib\site-packages\sqlalchemy\util\langhelpers.py", line 122, in __exit__
    raise exc_value.with_traceback(exc_tb)
  File "C:\Users\DEVJiX\AppData\Local\Programs\Python\Python312\Lib\site-packages\sqlalchemy\orm\session.py", line 4449, in _flush
    flush_context.execute()
  File "C:\Users\DEVJiX\AppData\Local\Programs\Python\Python312\Lib\site-packages\sqlalchemy\orm\unitofwork.py", line 465, in execute
    rec.execute(self)
  File "C:\Users\DEVJiX\AppData\Local\Programs\Python\Python312\Lib\site-packages\sqlalchemy\orm\unitofwork.py", line 641, in execute
    util.preloaded.orm_persistence.save_obj(
  File "C:\Users\DEVJiX\AppData\Local\Programs\Python\Python312\Lib\site-packages\sqlalchemy\orm\persistence.py", line 86, in save_obj
    _emit_update_statements(
  File "C:\Users\DEVJiX\AppData\Local\Programs\Python\Python312\Lib\site-packages\sqlalchemy\orm\persistence.py", line 913, in _emit_update_statements
    c = connection.execute(
        ^^^^^^^^^^^^^^^^^^^
  File "C:\Users\DEVJiX\AppData\Local\Programs\Python\Python312\Lib\site-packages\sqlalchemy\engine\base.py", line 1421, in execute
    return meth(
           ^^^^^
  File "C:\Users\DEVJiX\AppData\Local\Programs\Python\Python312\Lib\site-packages\sqlalchemy\sql\elements.py", line 526, in _execute_on_connection
    return connection._execute_clauseelement(
           ^^^^^^^^^^^^^^^^^^^^^^^^^^^^^^^^^^
  File "C:\Users\DEVJiX\AppData\Local\Programs\Python\Python312\Lib\site-packages\sqlalchemy\engine\base.py", line 1643, in _execute_clauseelement
    ret = self._execute_context(
          ^^^^^^^^^^^^^^^^^^^^^^
  File "C:\Users\DEVJiX\AppData\Local\Programs\Python\Python312\Lib\site-packages\sqlalchemy\engine\base.py", line 1848, in _execute_context
    return self._exec_single_context(
           ^^^^^^^^^^^^^^^^^^^^^^^^^^
  File "C:\Users\DEVJiX\AppData\Local\Programs\Python\Python312\Lib\site-packages\sqlalchemy\engine\base.py", line 1988, in _exec_single_context
    self._handle_dbapi_exception(
  File "C:\Users\DEVJiX\AppData\Local\Programs\Python\Python312\Lib\site-packages\sqlalchemy\engine\base.py", line 2365, in _handle_dbapi_exception
    raise sqlalchemy_exception.with_traceback(exc_info[2]) from e
  File "C:\Users\DEVJiX\AppData\Local\Programs\Python\Python312\Lib\site-packages\sqlalchemy\engine\base.py", line 1969, in _exec_single_context
    self.dialect.do_execute(
  File "C:\Users\DEVJiX\AppData\Local\Programs\Python\Python312\Lib\site-packages\sqlalchemy\engine\default.py", line 952, in do_execute
    cursor.execute(statement, parameters)
sqlalchemy.exc.IntegrityError: (sqlite3.IntegrityError) UNIQUE constraint failed: medicines.internal_product_code
[SQL: UPDATE medicines SET brand_name=?, country_of_origin=?, formula=?, strength=?, mrp=?, therapeutic_class=?, sku=?, tax_type=?, hs_code=?, temp_condition=?, age_restriction=?, description=?, search_keywords=?, internal_product_code=?, qr_code=?, image_url=?, updated_at=?, sync_version=? WHERE medicines.id = ?]
[parameters: ('', '', '', '', 10000.0, '', '', '', '', '', 0, '', '', '', '', '', '2026-07-04 09:24:57.963899', '2026-07-04 09:24:57.963899', '7f6ba1e6-9434-4164-bf5f-0d4d60ade391')]
(Background on this error at: https://sqlalche.me/e/20/gkpj)

Traceback (most recent call last):
  File "C:\Users\DEVJiX\Desktop\New folder\backend\main.py", line 10, in dispatch
    return await call_next(request)
           ^^^^^^^^^^^^^^^^^^^^^^^^
  File "C:\Users\DEVJiX\AppData\Local\Programs\Python\Python312\Lib\site-packages\starlette\middleware\base.py", line 168, in call_next
    raise app_exc from app_exc.__cause__ or app_exc.__context__
  File "C:\Users\DEVJiX\AppData\Local\Programs\Python\Python312\Lib\site-packages\starlette\middleware\base.py", line 144, in coro
    await self.app(scope, receive_or_disconnect, send_no_error)
  File "C:\Users\DEVJiX\AppData\Local\Programs\Python\Python312\Lib\site-packages\starlette\middleware\exceptions.py", line 63, in __call__
    await wrap_app_handling_exceptions(self.app, conn)(scope, receive, send)
  File "C:\Users\DEVJiX\AppData\Local\Programs\Python\Python312\Lib\site-packages\starlette\_exception_handler.py", line 53, in wrapped_app
    raise exc
  File "C:\Users\DEVJiX\AppData\Local\Programs\Python\Python312\Lib\site-packages\starlette\_exception_handler.py", line 42, in wrapped_app
    await app(scope, receive, sender)
  File "C:\Users\DEVJiX\AppData\Local\Programs\Python\Python312\Lib\site-packages\fastapi\middleware\asyncexitstack.py", line 18, in __call__
    await self.app(scope, receive, send)
  File "C:\Users\DEVJiX\AppData\Local\Programs\Python\Python312\Lib\site-packages\starlette\routing.py", line 660, in __call__
    await self.middleware_stack(scope, receive, send)
  File "C:\Users\DEVJiX\AppData\Local\Programs\Python\Python312\Lib\site-packages\starlette\routing.py", line 680, in app
    await route.handle(scope, receive, send)
  File "C:\Users\DEVJiX\AppData\Local\Programs\Python\Python312\Lib\site-packages\fastapi\routing.py", line 1650, in handle
    await self.original_router.handle(scope, receive, send)
  File "C:\Users\DEVJiX\AppData\Local\Programs\Python\Python312\Lib\site-packages\fastapi\routing.py", line 2102, in handle
    await included_router._handle_selected(scope, receive, send)
  File "C:\Users\DEVJiX\AppData\Local\Programs\Python\Python312\Lib\site-packages\fastapi\routing.py", line 1661, in _handle_selected
    await route.handle(scope, receive, send)
  File "C:\Users\DEVJiX\AppData\Local\Programs\Python\Python312\Lib\site-packages\fastapi\routing.py", line 1650, in handle
    await self.original_router.handle(scope, receive, send)
  File "C:\Users\DEVJiX\AppData\Local\Programs\Python\Python312\Lib\site-packages\fastapi\routing.py", line 2102, in handle
    await included_router._handle_selected(scope, receive, send)
  File "C:\Users\DEVJiX\AppData\Local\Programs\Python\Python312\Lib\site-packages\fastapi\routing.py", line 1670, in _handle_selected
    await original_route.handle(scope, receive, send)
  File "C:\Users\DEVJiX\AppData\Local\Programs\Python\Python312\Lib\site-packages\fastapi\routing.py", line 1218, in handle
    await app(scope, receive, send)
  File "C:\Users\DEVJiX\AppData\Local\Programs\Python\Python312\Lib\site-packages\fastapi\routing.py", line 143, in app
    await wrap_app_handling_exceptions(app, request)(scope, receive, send)
  File "C:\Users\DEVJiX\AppData\Local\Programs\Python\Python312\Lib\site-packages\starlette\_exception_handler.py", line 53, in wrapped_app
    raise exc
  File "C:\Users\DEVJiX\AppData\Local\Programs\Python\Python312\Lib\site-packages\starlette\_exception_handler.py", line 42, in wrapped_app
    await app(scope, receive, sender)
  File "C:\Users\DEVJiX\AppData\Local\Programs\Python\Python312\Lib\site-packages\fastapi\routing.py", line 129, in app
    response = await f(request)
               ^^^^^^^^^^^^^^^^
  File "C:\Users\DEVJiX\AppData\Local\Programs\Python\Python312\Lib\site-packages\fastapi\routing.py", line 683, in app
    raw_response = await run_endpoint_function(
                   ^^^^^^^^^^^^^^^^^^^^^^^^^^^^
  File "C:\Users\DEVJiX\AppData\Local\Programs\Python\Python312\Lib\site-packages\fastapi\routing.py", line 339, in run_endpoint_function
    return await run_in_threadpool(dependant.call, **values)
           ^^^^^^^^^^^^^^^^^^^^^^^^^^^^^^^^^^^^^^^^^^^^^^^^^
  File "C:\Users\DEVJiX\AppData\Local\Programs\Python\Python312\Lib\site-packages\starlette\concurrency.py", line 34, in run_in_threadpool
    return await anyio.to_thread.run_sync(func)
           ^^^^^^^^^^^^^^^^^^^^^^^^^^^^^^^^^^^^
  File "C:\Users\DEVJiX\AppData\Local\Programs\Python\Python312\Lib\site-packages\anyio\to_thread.py", line 63, in run_sync
    return await get_async_backend().run_sync_in_worker_thread(
           ^^^^^^^^^^^^^^^^^^^^^^^^^^^^^^^^^^^^^^^^^^^^^^^^^^^^
  File "C:\Users\DEVJiX\AppData\Local\Programs\Python\Python312\Lib\site-packages\anyio\_backends\_asyncio.py", line 2592, in run_sync_in_worker_thread
    return await future
           ^^^^^^^^^^^^
  File "C:\Users\DEVJiX\AppData\Local\Programs\Python\Python312\Lib\site-packages\anyio\_backends\_asyncio.py", line 1029, in run
    result = context.run(func, *args)
             ^^^^^^^^^^^^^^^^^^^^^^^^
  File "C:\Users\DEVJiX\Desktop\New folder\backend\api\v1\endpoints\inventory_audit.py", line 40, in get_sessions
    branch_id=current_user.branch_id
              ^^^^^^^^^^^^^^^^^^^^^^
AttributeError: 'User' object has no attribute 'branch_id'. Did you mean: 'branches'?

Traceback (most recent call last):
  File "C:\Users\DEVJiX\Desktop\New folder\backend\main.py", line 10, in dispatch
    return await call_next(request)
           ^^^^^^^^^^^^^^^^^^^^^^^^
  File "C:\Users\DEVJiX\AppData\Local\Programs\Python\Python312\Lib\site-packages\starlette\middleware\base.py", line 168, in call_next
    raise app_exc from app_exc.__cause__ or app_exc.__context__
  File "C:\Users\DEVJiX\AppData\Local\Programs\Python\Python312\Lib\site-packages\starlette\middleware\base.py", line 144, in coro
    await self.app(scope, receive_or_disconnect, send_no_error)
  File "C:\Users\DEVJiX\AppData\Local\Programs\Python\Python312\Lib\site-packages\starlette\middleware\exceptions.py", line 63, in __call__
    await wrap_app_handling_exceptions(self.app, conn)(scope, receive, send)
  File "C:\Users\DEVJiX\AppData\Local\Programs\Python\Python312\Lib\site-packages\starlette\_exception_handler.py", line 53, in wrapped_app
    raise exc
  File "C:\Users\DEVJiX\AppData\Local\Programs\Python\Python312\Lib\site-packages\starlette\_exception_handler.py", line 42, in wrapped_app
    await app(scope, receive, sender)
  File "C:\Users\DEVJiX\AppData\Local\Programs\Python\Python312\Lib\site-packages\fastapi\middleware\asyncexitstack.py", line 18, in __call__
    await self.app(scope, receive, send)
  File "C:\Users\DEVJiX\AppData\Local\Programs\Python\Python312\Lib\site-packages\starlette\routing.py", line 660, in __call__
    await self.middleware_stack(scope, receive, send)
  File "C:\Users\DEVJiX\AppData\Local\Programs\Python\Python312\Lib\site-packages\starlette\routing.py", line 680, in app
    await route.handle(scope, receive, send)
  File "C:\Users\DEVJiX\AppData\Local\Programs\Python\Python312\Lib\site-packages\fastapi\routing.py", line 1650, in handle
    await self.original_router.handle(scope, receive, send)
  File "C:\Users\DEVJiX\AppData\Local\Programs\Python\Python312\Lib\site-packages\fastapi\routing.py", line 2102, in handle
    await included_router._handle_selected(scope, receive, send)
  File "C:\Users\DEVJiX\AppData\Local\Programs\Python\Python312\Lib\site-packages\fastapi\routing.py", line 1661, in _handle_selected
    await route.handle(scope, receive, send)
  File "C:\Users\DEVJiX\AppData\Local\Programs\Python\Python312\Lib\site-packages\fastapi\routing.py", line 1650, in handle
    await self.original_router.handle(scope, receive, send)
  File "C:\Users\DEVJiX\AppData\Local\Programs\Python\Python312\Lib\site-packages\fastapi\routing.py", line 2102, in handle
    await included_router._handle_selected(scope, receive, send)
  File "C:\Users\DEVJiX\AppData\Local\Programs\Python\Python312\Lib\site-packages\fastapi\routing.py", line 1670, in _handle_selected
    await original_route.handle(scope, receive, send)
  File "C:\Users\DEVJiX\AppData\Local\Programs\Python\Python312\Lib\site-packages\fastapi\routing.py", line 1218, in handle
    await app(scope, receive, send)
  File "C:\Users\DEVJiX\AppData\Local\Programs\Python\Python312\Lib\site-packages\fastapi\routing.py", line 143, in app
    await wrap_app_handling_exceptions(app, request)(scope, receive, send)
  File "C:\Users\DEVJiX\AppData\Local\Programs\Python\Python312\Lib\site-packages\starlette\_exception_handler.py", line 53, in wrapped_app
    raise exc
  File "C:\Users\DEVJiX\AppData\Local\Programs\Python\Python312\Lib\site-packages\starlette\_exception_handler.py", line 42, in wrapped_app
    await app(scope, receive, sender)
  File "C:\Users\DEVJiX\AppData\Local\Programs\Python\Python312\Lib\site-packages\fastapi\routing.py", line 129, in app
    response = await f(request)
               ^^^^^^^^^^^^^^^^
  File "C:\Users\DEVJiX\AppData\Local\Programs\Python\Python312\Lib\site-packages\fastapi\routing.py", line 683, in app
    raw_response = await run_endpoint_function(
                   ^^^^^^^^^^^^^^^^^^^^^^^^^^^^
  File "C:\Users\DEVJiX\AppData\Local\Programs\Python\Python312\Lib\site-packages\fastapi\routing.py", line 339, in run_endpoint_function
    return await run_in_threadpool(dependant.call, **values)
           ^^^^^^^^^^^^^^^^^^^^^^^^^^^^^^^^^^^^^^^^^^^^^^^^^
  File "C:\Users\DEVJiX\AppData\Local\Programs\Python\Python312\Lib\site-packages\starlette\concurrency.py", line 34, in run_in_threadpool
    return await anyio.to_thread.run_sync(func)
           ^^^^^^^^^^^^^^^^^^^^^^^^^^^^^^^^^^^^
  File "C:\Users\DEVJiX\AppData\Local\Programs\Python\Python312\Lib\site-packages\anyio\to_thread.py", line 63, in run_sync
    return await get_async_backend().run_sync_in_worker_thread(
           ^^^^^^^^^^^^^^^^^^^^^^^^^^^^^^^^^^^^^^^^^^^^^^^^^^^^
  File "C:\Users\DEVJiX\AppData\Local\Programs\Python\Python312\Lib\site-packages\anyio\_backends\_asyncio.py", line 2592, in run_sync_in_worker_thread
    return await future
           ^^^^^^^^^^^^
  File "C:\Users\DEVJiX\AppData\Local\Programs\Python\Python312\Lib\site-packages\anyio\_backends\_asyncio.py", line 1029, in run
    result = context.run(func, *args)
             ^^^^^^^^^^^^^^^^^^^^^^^^
  File "C:\Users\DEVJiX\Desktop\New folder\backend\api\v1\endpoints\inventory_audit.py", line 40, in get_sessions
    branch_id=current_user.branch_id
              ^^^^^^^^^^^^^^^^^^^^^^
AttributeError: 'User' object has no attribute 'branch_id'. Did you mean: 'branches'?

Traceback (most recent call last):
  File "C:\Users\DEVJiX\Desktop\New folder\backend\main.py", line 10, in dispatch
    return await call_next(request)
           ^^^^^^^^^^^^^^^^^^^^^^^^
  File "C:\Users\DEVJiX\AppData\Local\Programs\Python\Python312\Lib\site-packages\starlette\middleware\base.py", line 168, in call_next
    raise app_exc from app_exc.__cause__ or app_exc.__context__
  File "C:\Users\DEVJiX\AppData\Local\Programs\Python\Python312\Lib\site-packages\starlette\middleware\base.py", line 144, in coro
    await self.app(scope, receive_or_disconnect, send_no_error)
  File "C:\Users\DEVJiX\AppData\Local\Programs\Python\Python312\Lib\site-packages\starlette\middleware\exceptions.py", line 63, in __call__
    await wrap_app_handling_exceptions(self.app, conn)(scope, receive, send)
  File "C:\Users\DEVJiX\AppData\Local\Programs\Python\Python312\Lib\site-packages\starlette\_exception_handler.py", line 53, in wrapped_app
    raise exc
  File "C:\Users\DEVJiX\AppData\Local\Programs\Python\Python312\Lib\site-packages\starlette\_exception_handler.py", line 42, in wrapped_app
    await app(scope, receive, sender)
  File "C:\Users\DEVJiX\AppData\Local\Programs\Python\Python312\Lib\site-packages\fastapi\middleware\asyncexitstack.py", line 18, in __call__
    await self.app(scope, receive, send)
  File "C:\Users\DEVJiX\AppData\Local\Programs\Python\Python312\Lib\site-packages\starlette\routing.py", line 660, in __call__
    await self.middleware_stack(scope, receive, send)
  File "C:\Users\DEVJiX\AppData\Local\Programs\Python\Python312\Lib\site-packages\starlette\routing.py", line 680, in app
    await route.handle(scope, receive, send)
  File "C:\Users\DEVJiX\AppData\Local\Programs\Python\Python312\Lib\site-packages\fastapi\routing.py", line 1650, in handle
    await self.original_router.handle(scope, receive, send)
  File "C:\Users\DEVJiX\AppData\Local\Programs\Python\Python312\Lib\site-packages\fastapi\routing.py", line 2102, in handle
    await included_router._handle_selected(scope, receive, send)
  File "C:\Users\DEVJiX\AppData\Local\Programs\Python\Python312\Lib\site-packages\fastapi\routing.py", line 1661, in _handle_selected
    await route.handle(scope, receive, send)
  File "C:\Users\DEVJiX\AppData\Local\Programs\Python\Python312\Lib\site-packages\fastapi\routing.py", line 1650, in handle
    await self.original_router.handle(scope, receive, send)
  File "C:\Users\DEVJiX\AppData\Local\Programs\Python\Python312\Lib\site-packages\fastapi\routing.py", line 2102, in handle
    await included_router._handle_selected(scope, receive, send)
  File "C:\Users\DEVJiX\AppData\Local\Programs\Python\Python312\Lib\site-packages\fastapi\routing.py", line 1670, in _handle_selected
    await original_route.handle(scope, receive, send)
  File "C:\Users\DEVJiX\AppData\Local\Programs\Python\Python312\Lib\site-packages\fastapi\routing.py", line 1218, in handle
    await app(scope, receive, send)
  File "C:\Users\DEVJiX\AppData\Local\Programs\Python\Python312\Lib\site-packages\fastapi\routing.py", line 143, in app
    await wrap_app_handling_exceptions(app, request)(scope, receive, send)
  File "C:\Users\DEVJiX\AppData\Local\Programs\Python\Python312\Lib\site-packages\starlette\_exception_handler.py", line 53, in wrapped_app
    raise exc
  File "C:\Users\DEVJiX\AppData\Local\Programs\Python\Python312\Lib\site-packages\starlette\_exception_handler.py", line 42, in wrapped_app
    await app(scope, receive, sender)
  File "C:\Users\DEVJiX\AppData\Local\Programs\Python\Python312\Lib\site-packages\fastapi\routing.py", line 129, in app
    response = await f(request)
               ^^^^^^^^^^^^^^^^
  File "C:\Users\DEVJiX\AppData\Local\Programs\Python\Python312\Lib\site-packages\fastapi\routing.py", line 683, in app
    raw_response = await run_endpoint_function(
                   ^^^^^^^^^^^^^^^^^^^^^^^^^^^^
  File "C:\Users\DEVJiX\AppData\Local\Programs\Python\Python312\Lib\site-packages\fastapi\routing.py", line 339, in run_endpoint_function
    return await run_in_threadpool(dependant.call, **values)
           ^^^^^^^^^^^^^^^^^^^^^^^^^^^^^^^^^^^^^^^^^^^^^^^^^
  File "C:\Users\DEVJiX\AppData\Local\Programs\Python\Python312\Lib\site-packages\starlette\concurrency.py", line 34, in run_in_threadpool
    return await anyio.to_thread.run_sync(func)
           ^^^^^^^^^^^^^^^^^^^^^^^^^^^^^^^^^^^^
  File "C:\Users\DEVJiX\AppData\Local\Programs\Python\Python312\Lib\site-packages\anyio\to_thread.py", line 63, in run_sync
    return await get_async_backend().run_sync_in_worker_thread(
           ^^^^^^^^^^^^^^^^^^^^^^^^^^^^^^^^^^^^^^^^^^^^^^^^^^^^
  File "C:\Users\DEVJiX\AppData\Local\Programs\Python\Python312\Lib\site-packages\anyio\_backends\_asyncio.py", line 2592, in run_sync_in_worker_thread
    return await future
           ^^^^^^^^^^^^
  File "C:\Users\DEVJiX\AppData\Local\Programs\Python\Python312\Lib\site-packages\anyio\_backends\_asyncio.py", line 1029, in run
    result = context.run(func, *args)
             ^^^^^^^^^^^^^^^^^^^^^^^^
  File "C:\Users\DEVJiX\Desktop\New folder\backend\api\v1\endpoints\inventory_audit.py", line 40, in get_sessions
    branch_id=current_user.branch_id
              ^^^^^^^^^^^^^^^^^^^^^^
AttributeError: 'User' object has no attribute 'branch_id'. Did you mean: 'branches'?

Traceback (most recent call last):
  File "C:\Users\DEVJiX\Desktop\New folder\backend\main.py", line 10, in dispatch
    return await call_next(request)
           ^^^^^^^^^^^^^^^^^^^^^^^^
  File "C:\Users\DEVJiX\AppData\Local\Programs\Python\Python312\Lib\site-packages\starlette\middleware\base.py", line 168, in call_next
    raise app_exc from app_exc.__cause__ or app_exc.__context__
  File "C:\Users\DEVJiX\AppData\Local\Programs\Python\Python312\Lib\site-packages\starlette\middleware\base.py", line 144, in coro
    await self.app(scope, receive_or_disconnect, send_no_error)
  File "C:\Users\DEVJiX\AppData\Local\Programs\Python\Python312\Lib\site-packages\starlette\middleware\exceptions.py", line 63, in __call__
    await wrap_app_handling_exceptions(self.app, conn)(scope, receive, send)
  File "C:\Users\DEVJiX\AppData\Local\Programs\Python\Python312\Lib\site-packages\starlette\_exception_handler.py", line 53, in wrapped_app
    raise exc
  File "C:\Users\DEVJiX\AppData\Local\Programs\Python\Python312\Lib\site-packages\starlette\_exception_handler.py", line 42, in wrapped_app
    await app(scope, receive, sender)
  File "C:\Users\DEVJiX\AppData\Local\Programs\Python\Python312\Lib\site-packages\fastapi\middleware\asyncexitstack.py", line 18, in __call__
    await self.app(scope, receive, send)
  File "C:\Users\DEVJiX\AppData\Local\Programs\Python\Python312\Lib\site-packages\starlette\routing.py", line 660, in __call__
    await self.middleware_stack(scope, receive, send)
  File "C:\Users\DEVJiX\AppData\Local\Programs\Python\Python312\Lib\site-packages\starlette\routing.py", line 680, in app
    await route.handle(scope, receive, send)
  File "C:\Users\DEVJiX\AppData\Local\Programs\Python\Python312\Lib\site-packages\fastapi\routing.py", line 1650, in handle
    await self.original_router.handle(scope, receive, send)
  File "C:\Users\DEVJiX\AppData\Local\Programs\Python\Python312\Lib\site-packages\fastapi\routing.py", line 2102, in handle
    await included_router._handle_selected(scope, receive, send)
  File "C:\Users\DEVJiX\AppData\Local\Programs\Python\Python312\Lib\site-packages\fastapi\routing.py", line 1661, in _handle_selected
    await route.handle(scope, receive, send)
  File "C:\Users\DEVJiX\AppData\Local\Programs\Python\Python312\Lib\site-packages\fastapi\routing.py", line 1650, in handle
    await self.original_router.handle(scope, receive, send)
  File "C:\Users\DEVJiX\AppData\Local\Programs\Python\Python312\Lib\site-packages\fastapi\routing.py", line 2102, in handle
    await included_router._handle_selected(scope, receive, send)
  File "C:\Users\DEVJiX\AppData\Local\Programs\Python\Python312\Lib\site-packages\fastapi\routing.py", line 1670, in _handle_selected
    await original_route.handle(scope, receive, send)
  File "C:\Users\DEVJiX\AppData\Local\Programs\Python\Python312\Lib\site-packages\fastapi\routing.py", line 1218, in handle
    await app(scope, receive, send)
  File "C:\Users\DEVJiX\AppData\Local\Programs\Python\Python312\Lib\site-packages\fastapi\routing.py", line 143, in app
    await wrap_app_handling_exceptions(app, request)(scope, receive, send)
  File "C:\Users\DEVJiX\AppData\Local\Programs\Python\Python312\Lib\site-packages\starlette\_exception_handler.py", line 53, in wrapped_app
    raise exc
  File "C:\Users\DEVJiX\AppData\Local\Programs\Python\Python312\Lib\site-packages\starlette\_exception_handler.py", line 42, in wrapped_app
    await app(scope, receive, sender)
  File "C:\Users\DEVJiX\AppData\Local\Programs\Python\Python312\Lib\site-packages\fastapi\routing.py", line 129, in app
    response = await f(request)
               ^^^^^^^^^^^^^^^^
  File "C:\Users\DEVJiX\AppData\Local\Programs\Python\Python312\Lib\site-packages\fastapi\routing.py", line 683, in app
    raw_response = await run_endpoint_function(
                   ^^^^^^^^^^^^^^^^^^^^^^^^^^^^
  File "C:\Users\DEVJiX\AppData\Local\Programs\Python\Python312\Lib\site-packages\fastapi\routing.py", line 339, in run_endpoint_function
    return await run_in_threadpool(dependant.call, **values)
           ^^^^^^^^^^^^^^^^^^^^^^^^^^^^^^^^^^^^^^^^^^^^^^^^^
  File "C:\Users\DEVJiX\AppData\Local\Programs\Python\Python312\Lib\site-packages\starlette\concurrency.py", line 34, in run_in_threadpool
    return await anyio.to_thread.run_sync(func)
           ^^^^^^^^^^^^^^^^^^^^^^^^^^^^^^^^^^^^
  File "C:\Users\DEVJiX\AppData\Local\Programs\Python\Python312\Lib\site-packages\anyio\to_thread.py", line 63, in run_sync
    return await get_async_backend().run_sync_in_worker_thread(
           ^^^^^^^^^^^^^^^^^^^^^^^^^^^^^^^^^^^^^^^^^^^^^^^^^^^^
  File "C:\Users\DEVJiX\AppData\Local\Programs\Python\Python312\Lib\site-packages\anyio\_backends\_asyncio.py", line 2592, in run_sync_in_worker_thread
    return await future
           ^^^^^^^^^^^^
  File "C:\Users\DEVJiX\AppData\Local\Programs\Python\Python312\Lib\site-packages\anyio\_backends\_asyncio.py", line 1029, in run
    result = context.run(func, *args)
             ^^^^^^^^^^^^^^^^^^^^^^^^
  File "C:\Users\DEVJiX\Desktop\New folder\backend\api\v1\endpoints\inventory_audit.py", line 40, in get_sessions
    branch_id=current_user.branch_id
              ^^^^^^^^^^^^^^^^^^^^^^
AttributeError: 'User' object has no attribute 'branch_id'. Did you mean: 'branches'?

Traceback (most recent call last):
  File "C:\Users\DEVJiX\Desktop\New folder\backend\main.py", line 10, in dispatch
    return await call_next(request)
           ^^^^^^^^^^^^^^^^^^^^^^^^
  File "C:\Users\DEVJiX\AppData\Local\Programs\Python\Python312\Lib\site-packages\starlette\middleware\base.py", line 168, in call_next
    raise app_exc from app_exc.__cause__ or app_exc.__context__
  File "C:\Users\DEVJiX\AppData\Local\Programs\Python\Python312\Lib\site-packages\starlette\middleware\base.py", line 144, in coro
    await self.app(scope, receive_or_disconnect, send_no_error)
  File "C:\Users\DEVJiX\AppData\Local\Programs\Python\Python312\Lib\site-packages\starlette\middleware\exceptions.py", line 63, in __call__
    await wrap_app_handling_exceptions(self.app, conn)(scope, receive, send)
  File "C:\Users\DEVJiX\AppData\Local\Programs\Python\Python312\Lib\site-packages\starlette\_exception_handler.py", line 53, in wrapped_app
    raise exc
  File "C:\Users\DEVJiX\AppData\Local\Programs\Python\Python312\Lib\site-packages\starlette\_exception_handler.py", line 42, in wrapped_app
    await app(scope, receive, sender)
  File "C:\Users\DEVJiX\AppData\Local\Programs\Python\Python312\Lib\site-packages\fastapi\middleware\asyncexitstack.py", line 18, in __call__
    await self.app(scope, receive, send)
  File "C:\Users\DEVJiX\AppData\Local\Programs\Python\Python312\Lib\site-packages\starlette\routing.py", line 660, in __call__
    await self.middleware_stack(scope, receive, send)
  File "C:\Users\DEVJiX\AppData\Local\Programs\Python\Python312\Lib\site-packages\starlette\routing.py", line 680, in app
    await route.handle(scope, receive, send)
  File "C:\Users\DEVJiX\AppData\Local\Programs\Python\Python312\Lib\site-packages\fastapi\routing.py", line 1650, in handle
    await self.original_router.handle(scope, receive, send)
  File "C:\Users\DEVJiX\AppData\Local\Programs\Python\Python312\Lib\site-packages\fastapi\routing.py", line 2102, in handle
    await included_router._handle_selected(scope, receive, send)
  File "C:\Users\DEVJiX\AppData\Local\Programs\Python\Python312\Lib\site-packages\fastapi\routing.py", line 1661, in _handle_selected
    await route.handle(scope, receive, send)
  File "C:\Users\DEVJiX\AppData\Local\Programs\Python\Python312\Lib\site-packages\fastapi\routing.py", line 1650, in handle
    await self.original_router.handle(scope, receive, send)
  File "C:\Users\DEVJiX\AppData\Local\Programs\Python\Python312\Lib\site-packages\fastapi\routing.py", line 2102, in handle
    await included_router._handle_selected(scope, receive, send)
  File "C:\Users\DEVJiX\AppData\Local\Programs\Python\Python312\Lib\site-packages\fastapi\routing.py", line 1670, in _handle_selected
    await original_route.handle(scope, receive, send)
  File "C:\Users\DEVJiX\AppData\Local\Programs\Python\Python312\Lib\site-packages\fastapi\routing.py", line 1218, in handle
    await app(scope, receive, send)
  File "C:\Users\DEVJiX\AppData\Local\Programs\Python\Python312\Lib\site-packages\fastapi\routing.py", line 143, in app
    await wrap_app_handling_exceptions(app, request)(scope, receive, send)
  File "C:\Users\DEVJiX\AppData\Local\Programs\Python\Python312\Lib\site-packages\starlette\_exception_handler.py", line 53, in wrapped_app
    raise exc
  File "C:\Users\DEVJiX\AppData\Local\Programs\Python\Python312\Lib\site-packages\starlette\_exception_handler.py", line 42, in wrapped_app
    await app(scope, receive, sender)
  File "C:\Users\DEVJiX\AppData\Local\Programs\Python\Python312\Lib\site-packages\fastapi\routing.py", line 129, in app
    response = await f(request)
               ^^^^^^^^^^^^^^^^
  File "C:\Users\DEVJiX\AppData\Local\Programs\Python\Python312\Lib\site-packages\fastapi\routing.py", line 683, in app
    raw_response = await run_endpoint_function(
                   ^^^^^^^^^^^^^^^^^^^^^^^^^^^^
  File "C:\Users\DEVJiX\AppData\Local\Programs\Python\Python312\Lib\site-packages\fastapi\routing.py", line 339, in run_endpoint_function
    return await run_in_threadpool(dependant.call, **values)
           ^^^^^^^^^^^^^^^^^^^^^^^^^^^^^^^^^^^^^^^^^^^^^^^^^
  File "C:\Users\DEVJiX\AppData\Local\Programs\Python\Python312\Lib\site-packages\starlette\concurrency.py", line 34, in run_in_threadpool
    return await anyio.to_thread.run_sync(func)
           ^^^^^^^^^^^^^^^^^^^^^^^^^^^^^^^^^^^^
  File "C:\Users\DEVJiX\AppData\Local\Programs\Python\Python312\Lib\site-packages\anyio\to_thread.py", line 63, in run_sync
    return await get_async_backend().run_sync_in_worker_thread(
           ^^^^^^^^^^^^^^^^^^^^^^^^^^^^^^^^^^^^^^^^^^^^^^^^^^^^
  File "C:\Users\DEVJiX\AppData\Local\Programs\Python\Python312\Lib\site-packages\anyio\_backends\_asyncio.py", line 2592, in run_sync_in_worker_thread
    return await future
           ^^^^^^^^^^^^
  File "C:\Users\DEVJiX\AppData\Local\Programs\Python\Python312\Lib\site-packages\anyio\_backends\_asyncio.py", line 1029, in run
    result = context.run(func, *args)
             ^^^^^^^^^^^^^^^^^^^^^^^^
  File "C:\Users\DEVJiX\Desktop\New folder\backend\api\v1\endpoints\inventory_audit.py", line 40, in get_sessions
    branch_id=current_user.branch_id
              ^^^^^^^^^^^^^^^^^^^^^^
AttributeError: 'User' object has no attribute 'branch_id'. Did you mean: 'branches'?

Traceback (most recent call last):
  File "C:\Users\DEVJiX\Desktop\New folder\backend\main.py", line 10, in dispatch
    return await call_next(request)
           ^^^^^^^^^^^^^^^^^^^^^^^^
  File "C:\Users\DEVJiX\AppData\Local\Programs\Python\Python312\Lib\site-packages\starlette\middleware\base.py", line 168, in call_next
    raise app_exc from app_exc.__cause__ or app_exc.__context__
  File "C:\Users\DEVJiX\AppData\Local\Programs\Python\Python312\Lib\site-packages\starlette\middleware\base.py", line 144, in coro
    await self.app(scope, receive_or_disconnect, send_no_error)
  File "C:\Users\DEVJiX\AppData\Local\Programs\Python\Python312\Lib\site-packages\starlette\middleware\exceptions.py", line 63, in __call__
    await wrap_app_handling_exceptions(self.app, conn)(scope, receive, send)
  File "C:\Users\DEVJiX\AppData\Local\Programs\Python\Python312\Lib\site-packages\starlette\_exception_handler.py", line 53, in wrapped_app
    raise exc
  File "C:\Users\DEVJiX\AppData\Local\Programs\Python\Python312\Lib\site-packages\starlette\_exception_handler.py", line 42, in wrapped_app
    await app(scope, receive, sender)
  File "C:\Users\DEVJiX\AppData\Local\Programs\Python\Python312\Lib\site-packages\fastapi\middleware\asyncexitstack.py", line 18, in __call__
    await self.app(scope, receive, send)
  File "C:\Users\DEVJiX\AppData\Local\Programs\Python\Python312\Lib\site-packages\starlette\routing.py", line 660, in __call__
    await self.middleware_stack(scope, receive, send)
  File "C:\Users\DEVJiX\AppData\Local\Programs\Python\Python312\Lib\site-packages\starlette\routing.py", line 680, in app
    await route.handle(scope, receive, send)
  File "C:\Users\DEVJiX\AppData\Local\Programs\Python\Python312\Lib\site-packages\fastapi\routing.py", line 1650, in handle
    await self.original_router.handle(scope, receive, send)
  File "C:\Users\DEVJiX\AppData\Local\Programs\Python\Python312\Lib\site-packages\fastapi\routing.py", line 2102, in handle
    await included_router._handle_selected(scope, receive, send)
  File "C:\Users\DEVJiX\AppData\Local\Programs\Python\Python312\Lib\site-packages\fastapi\routing.py", line 1661, in _handle_selected
    await route.handle(scope, receive, send)
  File "C:\Users\DEVJiX\AppData\Local\Programs\Python\Python312\Lib\site-packages\fastapi\routing.py", line 1650, in handle
    await self.original_router.handle(scope, receive, send)
  File "C:\Users\DEVJiX\AppData\Local\Programs\Python\Python312\Lib\site-packages\fastapi\routing.py", line 2102, in handle
    await included_router._handle_selected(scope, receive, send)
  File "C:\Users\DEVJiX\AppData\Local\Programs\Python\Python312\Lib\site-packages\fastapi\routing.py", line 1670, in _handle_selected
    await original_route.handle(scope, receive, send)
  File "C:\Users\DEVJiX\AppData\Local\Programs\Python\Python312\Lib\site-packages\fastapi\routing.py", line 1218, in handle
    await app(scope, receive, send)
  File "C:\Users\DEVJiX\AppData\Local\Programs\Python\Python312\Lib\site-packages\fastapi\routing.py", line 143, in app
    await wrap_app_handling_exceptions(app, request)(scope, receive, send)
  File "C:\Users\DEVJiX\AppData\Local\Programs\Python\Python312\Lib\site-packages\starlette\_exception_handler.py", line 53, in wrapped_app
    raise exc
  File "C:\Users\DEVJiX\AppData\Local\Programs\Python\Python312\Lib\site-packages\starlette\_exception_handler.py", line 42, in wrapped_app
    await app(scope, receive, sender)
  File "C:\Users\DEVJiX\AppData\Local\Programs\Python\Python312\Lib\site-packages\fastapi\routing.py", line 129, in app
    response = await f(request)
               ^^^^^^^^^^^^^^^^
  File "C:\Users\DEVJiX\AppData\Local\Programs\Python\Python312\Lib\site-packages\fastapi\routing.py", line 683, in app
    raw_response = await run_endpoint_function(
                   ^^^^^^^^^^^^^^^^^^^^^^^^^^^^
  File "C:\Users\DEVJiX\AppData\Local\Programs\Python\Python312\Lib\site-packages\fastapi\routing.py", line 339, in run_endpoint_function
    return await run_in_threadpool(dependant.call, **values)
           ^^^^^^^^^^^^^^^^^^^^^^^^^^^^^^^^^^^^^^^^^^^^^^^^^
  File "C:\Users\DEVJiX\AppData\Local\Programs\Python\Python312\Lib\site-packages\starlette\concurrency.py", line 34, in run_in_threadpool
    return await anyio.to_thread.run_sync(func)
           ^^^^^^^^^^^^^^^^^^^^^^^^^^^^^^^^^^^^
  File "C:\Users\DEVJiX\AppData\Local\Programs\Python\Python312\Lib\site-packages\anyio\to_thread.py", line 63, in run_sync
    return await get_async_backend().run_sync_in_worker_thread(
           ^^^^^^^^^^^^^^^^^^^^^^^^^^^^^^^^^^^^^^^^^^^^^^^^^^^^
  File "C:\Users\DEVJiX\AppData\Local\Programs\Python\Python312\Lib\site-packages\anyio\_backends\_asyncio.py", line 2592, in run_sync_in_worker_thread
    return await future
           ^^^^^^^^^^^^
  File "C:\Users\DEVJiX\AppData\Local\Programs\Python\Python312\Lib\site-packages\anyio\_backends\_asyncio.py", line 1029, in run
    result = context.run(func, *args)
             ^^^^^^^^^^^^^^^^^^^^^^^^
  File "C:\Users\DEVJiX\Desktop\New folder\backend\api\v1\endpoints\inventory_audit.py", line 40, in get_sessions
    branch_id=current_user.branch_id
              ^^^^^^^^^^^^^^^^^^^^^^
AttributeError: 'User' object has no attribute 'branch_id'. Did you mean: 'branches'?

Traceback (most recent call last):
  File "C:\Users\DEVJiX\Desktop\New folder\backend\main.py", line 10, in dispatch
    return await call_next(request)
           ^^^^^^^^^^^^^^^^^^^^^^^^
  File "C:\Users\DEVJiX\AppData\Local\Programs\Python\Python312\Lib\site-packages\starlette\middleware\base.py", line 168, in call_next
    raise app_exc from app_exc.__cause__ or app_exc.__context__
  File "C:\Users\DEVJiX\AppData\Local\Programs\Python\Python312\Lib\site-packages\starlette\middleware\base.py", line 144, in coro
    await self.app(scope, receive_or_disconnect, send_no_error)
  File "C:\Users\DEVJiX\AppData\Local\Programs\Python\Python312\Lib\site-packages\starlette\middleware\exceptions.py", line 63, in __call__
    await wrap_app_handling_exceptions(self.app, conn)(scope, receive, send)
  File "C:\Users\DEVJiX\AppData\Local\Programs\Python\Python312\Lib\site-packages\starlette\_exception_handler.py", line 53, in wrapped_app
    raise exc
  File "C:\Users\DEVJiX\AppData\Local\Programs\Python\Python312\Lib\site-packages\starlette\_exception_handler.py", line 42, in wrapped_app
    await app(scope, receive, sender)
  File "C:\Users\DEVJiX\AppData\Local\Programs\Python\Python312\Lib\site-packages\fastapi\middleware\asyncexitstack.py", line 18, in __call__
    await self.app(scope, receive, send)
  File "C:\Users\DEVJiX\AppData\Local\Programs\Python\Python312\Lib\site-packages\starlette\routing.py", line 660, in __call__
    await self.middleware_stack(scope, receive, send)
  File "C:\Users\DEVJiX\AppData\Local\Programs\Python\Python312\Lib\site-packages\starlette\routing.py", line 680, in app
    await route.handle(scope, receive, send)
  File "C:\Users\DEVJiX\AppData\Local\Programs\Python\Python312\Lib\site-packages\fastapi\routing.py", line 1650, in handle
    await self.original_router.handle(scope, receive, send)
  File "C:\Users\DEVJiX\AppData\Local\Programs\Python\Python312\Lib\site-packages\fastapi\routing.py", line 2102, in handle
    await included_router._handle_selected(scope, receive, send)
  File "C:\Users\DEVJiX\AppData\Local\Programs\Python\Python312\Lib\site-packages\fastapi\routing.py", line 1661, in _handle_selected
    await route.handle(scope, receive, send)
  File "C:\Users\DEVJiX\AppData\Local\Programs\Python\Python312\Lib\site-packages\fastapi\routing.py", line 1650, in handle
    await self.original_router.handle(scope, receive, send)
  File "C:\Users\DEVJiX\AppData\Local\Programs\Python\Python312\Lib\site-packages\fastapi\routing.py", line 2102, in handle
    await included_router._handle_selected(scope, receive, send)
  File "C:\Users\DEVJiX\AppData\Local\Programs\Python\Python312\Lib\site-packages\fastapi\routing.py", line 1670, in _handle_selected
    await original_route.handle(scope, receive, send)
  File "C:\Users\DEVJiX\AppData\Local\Programs\Python\Python312\Lib\site-packages\fastapi\routing.py", line 1218, in handle
    await app(scope, receive, send)
  File "C:\Users\DEVJiX\AppData\Local\Programs\Python\Python312\Lib\site-packages\fastapi\routing.py", line 143, in app
    await wrap_app_handling_exceptions(app, request)(scope, receive, send)
  File "C:\Users\DEVJiX\AppData\Local\Programs\Python\Python312\Lib\site-packages\starlette\_exception_handler.py", line 53, in wrapped_app
    raise exc
  File "C:\Users\DEVJiX\AppData\Local\Programs\Python\Python312\Lib\site-packages\starlette\_exception_handler.py", line 42, in wrapped_app
    await app(scope, receive, sender)
  File "C:\Users\DEVJiX\AppData\Local\Programs\Python\Python312\Lib\site-packages\fastapi\routing.py", line 129, in app
    response = await f(request)
               ^^^^^^^^^^^^^^^^
  File "C:\Users\DEVJiX\AppData\Local\Programs\Python\Python312\Lib\site-packages\fastapi\routing.py", line 683, in app
    raw_response = await run_endpoint_function(
                   ^^^^^^^^^^^^^^^^^^^^^^^^^^^^
  File "C:\Users\DEVJiX\AppData\Local\Programs\Python\Python312\Lib\site-packages\fastapi\routing.py", line 339, in run_endpoint_function
    return await run_in_threadpool(dependant.call, **values)
           ^^^^^^^^^^^^^^^^^^^^^^^^^^^^^^^^^^^^^^^^^^^^^^^^^
  File "C:\Users\DEVJiX\AppData\Local\Programs\Python\Python312\Lib\site-packages\starlette\concurrency.py", line 34, in run_in_threadpool
    return await anyio.to_thread.run_sync(func)
           ^^^^^^^^^^^^^^^^^^^^^^^^^^^^^^^^^^^^
  File "C:\Users\DEVJiX\AppData\Local\Programs\Python\Python312\Lib\site-packages\anyio\to_thread.py", line 63, in run_sync
    return await get_async_backend().run_sync_in_worker_thread(
           ^^^^^^^^^^^^^^^^^^^^^^^^^^^^^^^^^^^^^^^^^^^^^^^^^^^^
  File "C:\Users\DEVJiX\AppData\Local\Programs\Python\Python312\Lib\site-packages\anyio\_backends\_asyncio.py", line 2592, in run_sync_in_worker_thread
    return await future
           ^^^^^^^^^^^^
  File "C:\Users\DEVJiX\AppData\Local\Programs\Python\Python312\Lib\site-packages\anyio\_backends\_asyncio.py", line 1029, in run
    result = context.run(func, *args)
             ^^^^^^^^^^^^^^^^^^^^^^^^
  File "C:\Users\DEVJiX\Desktop\New folder\backend\api\v1\endpoints\inventory_audit.py", line 40, in get_sessions
    branch_id=current_user.branch_id
              ^^^^^^^^^^^^^^^^^^^^^^
AttributeError: 'User' object has no attribute 'branch_id'. Did you mean: 'branches'?

Traceback (most recent call last):
  File "C:\Users\DEVJiX\Desktop\New folder\backend\main.py", line 10, in dispatch
    return await call_next(request)
           ^^^^^^^^^^^^^^^^^^^^^^^^
  File "C:\Users\DEVJiX\AppData\Local\Programs\Python\Python312\Lib\site-packages\starlette\middleware\base.py", line 168, in call_next
    raise app_exc from app_exc.__cause__ or app_exc.__context__
  File "C:\Users\DEVJiX\AppData\Local\Programs\Python\Python312\Lib\site-packages\starlette\middleware\base.py", line 144, in coro
    await self.app(scope, receive_or_disconnect, send_no_error)
  File "C:\Users\DEVJiX\AppData\Local\Programs\Python\Python312\Lib\site-packages\starlette\middleware\exceptions.py", line 63, in __call__
    await wrap_app_handling_exceptions(self.app, conn)(scope, receive, send)
  File "C:\Users\DEVJiX\AppData\Local\Programs\Python\Python312\Lib\site-packages\starlette\_exception_handler.py", line 53, in wrapped_app
    raise exc
  File "C:\Users\DEVJiX\AppData\Local\Programs\Python\Python312\Lib\site-packages\starlette\_exception_handler.py", line 42, in wrapped_app
    await app(scope, receive, sender)
  File "C:\Users\DEVJiX\AppData\Local\Programs\Python\Python312\Lib\site-packages\fastapi\middleware\asyncexitstack.py", line 18, in __call__
    await self.app(scope, receive, send)
  File "C:\Users\DEVJiX\AppData\Local\Programs\Python\Python312\Lib\site-packages\starlette\routing.py", line 660, in __call__
    await self.middleware_stack(scope, receive, send)
  File "C:\Users\DEVJiX\AppData\Local\Programs\Python\Python312\Lib\site-packages\starlette\routing.py", line 680, in app
    await route.handle(scope, receive, send)
  File "C:\Users\DEVJiX\AppData\Local\Programs\Python\Python312\Lib\site-packages\fastapi\routing.py", line 1650, in handle
    await self.original_router.handle(scope, receive, send)
  File "C:\Users\DEVJiX\AppData\Local\Programs\Python\Python312\Lib\site-packages\fastapi\routing.py", line 2102, in handle
    await included_router._handle_selected(scope, receive, send)
  File "C:\Users\DEVJiX\AppData\Local\Programs\Python\Python312\Lib\site-packages\fastapi\routing.py", line 1661, in _handle_selected
    await route.handle(scope, receive, send)
  File "C:\Users\DEVJiX\AppData\Local\Programs\Python\Python312\Lib\site-packages\fastapi\routing.py", line 1650, in handle
    await self.original_router.handle(scope, receive, send)
  File "C:\Users\DEVJiX\AppData\Local\Programs\Python\Python312\Lib\site-packages\fastapi\routing.py", line 2102, in handle
    await included_router._handle_selected(scope, receive, send)
  File "C:\Users\DEVJiX\AppData\Local\Programs\Python\Python312\Lib\site-packages\fastapi\routing.py", line 1670, in _handle_selected
    await original_route.handle(scope, receive, send)
  File "C:\Users\DEVJiX\AppData\Local\Programs\Python\Python312\Lib\site-packages\fastapi\routing.py", line 1218, in handle
    await app(scope, receive, send)
  File "C:\Users\DEVJiX\AppData\Local\Programs\Python\Python312\Lib\site-packages\fastapi\routing.py", line 143, in app
    await wrap_app_handling_exceptions(app, request)(scope, receive, send)
  File "C:\Users\DEVJiX\AppData\Local\Programs\Python\Python312\Lib\site-packages\starlette\_exception_handler.py", line 53, in wrapped_app
    raise exc
  File "C:\Users\DEVJiX\AppData\Local\Programs\Python\Python312\Lib\site-packages\starlette\_exception_handler.py", line 42, in wrapped_app
    await app(scope, receive, sender)
  File "C:\Users\DEVJiX\AppData\Local\Programs\Python\Python312\Lib\site-packages\fastapi\routing.py", line 129, in app
    response = await f(request)
               ^^^^^^^^^^^^^^^^
  File "C:\Users\DEVJiX\AppData\Local\Programs\Python\Python312\Lib\site-packages\fastapi\routing.py", line 683, in app
    raw_response = await run_endpoint_function(
                   ^^^^^^^^^^^^^^^^^^^^^^^^^^^^
  File "C:\Users\DEVJiX\AppData\Local\Programs\Python\Python312\Lib\site-packages\fastapi\routing.py", line 339, in run_endpoint_function
    return await run_in_threadpool(dependant.call, **values)
           ^^^^^^^^^^^^^^^^^^^^^^^^^^^^^^^^^^^^^^^^^^^^^^^^^
  File "C:\Users\DEVJiX\AppData\Local\Programs\Python\Python312\Lib\site-packages\starlette\concurrency.py", line 34, in run_in_threadpool
    return await anyio.to_thread.run_sync(func)
           ^^^^^^^^^^^^^^^^^^^^^^^^^^^^^^^^^^^^
  File "C:\Users\DEVJiX\AppData\Local\Programs\Python\Python312\Lib\site-packages\anyio\to_thread.py", line 63, in run_sync
    return await get_async_backend().run_sync_in_worker_thread(
           ^^^^^^^^^^^^^^^^^^^^^^^^^^^^^^^^^^^^^^^^^^^^^^^^^^^^
  File "C:\Users\DEVJiX\AppData\Local\Programs\Python\Python312\Lib\site-packages\anyio\_backends\_asyncio.py", line 2592, in run_sync_in_worker_thread
    return await future
           ^^^^^^^^^^^^
  File "C:\Users\DEVJiX\AppData\Local\Programs\Python\Python312\Lib\site-packages\anyio\_backends\_asyncio.py", line 1029, in run
    result = context.run(func, *args)
             ^^^^^^^^^^^^^^^^^^^^^^^^
  File "C:\Users\DEVJiX\Desktop\New folder\backend\api\v1\endpoints\inventory_audit.py", line 40, in get_sessions
    branch_id=current_user.branch_id
              ^^^^^^^^^^^^^^^^^^^^^^
AttributeError: 'User' object has no attribute 'branch_id'. Did you mean: 'branches'?

